2026-03-20T00:10:54.2944305Z Current runner version: '2.332.0'
2026-03-20T00:10:54.2985591Z ##[group]Runner Image Provisioner
2026-03-20T00:10:54.2987213Z Hosted Compute Agent
2026-03-20T00:10:54.2988171Z Version: 20260213.493
2026-03-20T00:10:54.2989299Z Commit: 5c115507f6dd24b8de37d8bbe0bb4509d0cc0fa3
2026-03-20T00:10:54.2990501Z Build Date: 2026-02-13T00:28:41Z
2026-03-20T00:10:54.2991764Z Worker ID: {c2174942-3bbf-49dd-8473-9eb17e5696f0}
2026-03-20T00:10:54.2993095Z Azure Region: northcentralus
2026-03-20T00:10:54.2994019Z ##[endgroup]
2026-03-20T00:10:54.2996749Z ##[group]Operating System
2026-03-20T00:10:54.2997757Z Ubuntu
2026-03-20T00:10:54.2998658Z 24.04.3
2026-03-20T00:10:54.2999401Z LTS
2026-03-20T00:10:54.3000458Z ##[endgroup]
2026-03-20T00:10:54.3001241Z ##[group]Runner Image
2026-03-20T00:10:54.3002019Z Image: ubuntu-24.04
2026-03-20T00:10:54.3002674Z Version: 20260309.50.1
2026-03-20T00:10:54.3003897Z Included Software: https://github.com/actions/runner-images/blob/ubuntu24/20260309.50/images/ubuntu/Ubuntu2404-Readme.md
2026-03-20T00:10:54.3005434Z Image Release: https://github.com/actions/runner-images/releases/tag/ubuntu24%2F20260309.50
2026-03-20T00:10:54.3006336Z ##[endgroup]
2026-03-20T00:10:54.3007814Z ##[group]GITHUB_TOKEN Permissions
2026-03-20T00:10:54.3010065Z Contents: read
2026-03-20T00:10:54.3010585Z Metadata: read
2026-03-20T00:10:54.3011241Z Pages: write
2026-03-20T00:10:54.3011706Z ##[endgroup]
2026-03-20T00:10:54.3013871Z Secret source: Actions
2026-03-20T00:10:54.3014858Z Prepare workflow directory
2026-03-20T00:10:54.3447930Z Prepare all required actions
2026-03-20T00:10:54.3504792Z Getting action download info
2026-03-20T00:10:54.7190988Z Download action repository 'actions/checkout@v4' (SHA:34e114876b0b11c390a56381ad16ebd13914f8d5)
2026-03-20T00:10:54.8532996Z Download action repository 'actions/jekyll-build-pages@v1' (SHA:44a6e6beabd48582f863aeeb6cb2151cc1716697)
2026-03-20T00:10:55.3389914Z Download action repository 'actions/upload-pages-artifact@v3' (SHA:56afc609e74202658d3ffba0e8f6dda462b719fa)
2026-03-20T00:10:55.7278968Z Getting action download info
2026-03-20T00:10:55.8315268Z Download action repository 'actions/upload-artifact@v4' (SHA:ea165f8d65b6e75b540449e92b4886f43607fa02)
2026-03-20T00:10:55.9848597Z Complete job name: build
2026-03-20T00:10:56.0355652Z ##[group]Pull down action image 'ghcr.io/actions/jekyll-build-pages:v1.0.13'
2026-03-20T00:10:56.0418009Z ##[command]/usr/bin/docker pull ghcr.io/actions/jekyll-build-pages:v1.0.13
2026-03-20T00:10:56.4865321Z v1.0.13: Pulling from actions/jekyll-build-pages
2026-03-20T00:10:56.4874124Z efc2b5ad9eec: Pulling fs layer
2026-03-20T00:10:56.4875047Z 165b60d1bb48: Pulling fs layer
2026-03-20T00:10:56.4875895Z 2a328af1ca3a: Pulling fs layer
2026-03-20T00:10:56.4877210Z 32b58fa44788: Pulling fs layer
2026-03-20T00:10:56.4877998Z 590ab93c22d2: Pulling fs layer
2026-03-20T00:10:56.4878727Z 26ea96c4c14c: Pulling fs layer
2026-03-20T00:10:56.4879470Z bd7e451dfea1: Pulling fs layer
2026-03-20T00:10:56.4880565Z c209e9dadc51: Pulling fs layer
2026-03-20T00:10:56.4881562Z a4925b5c711a: Pulling fs layer
2026-03-20T00:10:56.4882329Z cd9459784e3c: Pulling fs layer
2026-03-20T00:10:56.4883066Z bd7e451dfea1: Waiting
2026-03-20T00:10:56.4883717Z c209e9dadc51: Waiting
2026-03-20T00:10:56.4884448Z 590ab93c22d2: Waiting
2026-03-20T00:10:56.4885071Z 26ea96c4c14c: Waiting
2026-03-20T00:10:56.4885712Z 32b58fa44788: Waiting
2026-03-20T00:10:56.4886310Z a4925b5c711a: Waiting
2026-03-20T00:10:56.4887205Z cd9459784e3c: Waiting
2026-03-20T00:10:56.5962033Z 2a328af1ca3a: Download complete
2026-03-20T00:10:56.6350400Z 165b60d1bb48: Verifying Checksum
2026-03-20T00:10:56.6351374Z 165b60d1bb48: Download complete
2026-03-20T00:10:56.6798608Z efc2b5ad9eec: Verifying Checksum
2026-03-20T00:10:56.6804383Z efc2b5ad9eec: Download complete
2026-03-20T00:10:56.7478888Z 590ab93c22d2: Verifying Checksum
2026-03-20T00:10:56.7480999Z 590ab93c22d2: Download complete
2026-03-20T00:10:56.8287623Z 32b58fa44788: Verifying Checksum
2026-03-20T00:10:56.8288911Z 32b58fa44788: Download complete
2026-03-20T00:10:56.8347823Z bd7e451dfea1: Verifying Checksum
2026-03-20T00:10:56.8350297Z bd7e451dfea1: Download complete
2026-03-20T00:10:56.9340185Z a4925b5c711a: Verifying Checksum
2026-03-20T00:10:56.9349004Z a4925b5c711a: Download complete
2026-03-20T00:10:57.0389639Z cd9459784e3c: Verifying Checksum
2026-03-20T00:10:57.0391952Z cd9459784e3c: Download complete
2026-03-20T00:10:57.0832208Z c209e9dadc51: Verifying Checksum
2026-03-20T00:10:57.0836440Z c209e9dadc51: Download complete
2026-03-20T00:10:57.4507808Z 26ea96c4c14c: Verifying Checksum
2026-03-20T00:10:58.3070365Z efc2b5ad9eec: Pull complete
2026-03-20T00:11:00.0207822Z 165b60d1bb48: Pull complete
2026-03-20T00:11:00.0336779Z 2a328af1ca3a: Pull complete
2026-03-20T00:11:01.3250533Z 32b58fa44788: Pull complete
2026-03-20T00:11:01.3391924Z 590ab93c22d2: Pull complete
2026-03-20T00:11:06.1640494Z 26ea96c4c14c: Pull complete
2026-03-20T00:11:06.1740782Z bd7e451dfea1: Pull complete
2026-03-20T00:11:08.8122055Z c209e9dadc51: Pull complete
2026-03-20T00:11:08.8526139Z a4925b5c711a: Pull complete
2026-03-20T00:11:08.8651862Z cd9459784e3c: Pull complete
2026-03-20T00:11:08.8692665Z Digest: sha256:6791ebfd912185ed59bfb5fb102664fa872496b79f87ff8b9cfba292a7345041
2026-03-20T00:11:08.8719135Z Status: Downloaded newer image for ghcr.io/actions/jekyll-build-pages:v1.0.13
2026-03-20T00:11:08.8720240Z ghcr.io/actions/jekyll-build-pages:v1.0.13
2026-03-20T00:11:08.8755390Z ##[endgroup]
2026-03-20T00:11:08.9080145Z ##[group]Run actions/checkout@v4
2026-03-20T00:11:08.9080780Z with:
2026-03-20T00:11:08.9080965Z   ref: master
2026-03-20T00:11:08.9081159Z   submodules: recursive
2026-03-20T00:11:08.9081419Z   repository: albertguedes/albertguedes.github.io
2026-03-20T00:11:08.9082017Z   token: ***
2026-03-20T00:11:08.9082215Z   ssh-strict: true
2026-03-20T00:11:08.9082399Z   ssh-user: git
2026-03-20T00:11:08.9082600Z   persist-credentials: true
2026-03-20T00:11:08.9082822Z   clean: true
2026-03-20T00:11:08.9083023Z   sparse-checkout-cone-mode: true
2026-03-20T00:11:08.9083278Z   fetch-depth: 1
2026-03-20T00:11:08.9083489Z   fetch-tags: false
2026-03-20T00:11:08.9083676Z   show-progress: true
2026-03-20T00:11:08.9083873Z   lfs: false
2026-03-20T00:11:08.9084079Z   set-safe-directory: true
2026-03-20T00:11:08.9084529Z ##[endgroup]
2026-03-20T00:11:09.0341852Z Syncing repository: albertguedes/albertguedes.github.io
2026-03-20T00:11:09.0344299Z ##[group]Getting Git version info
2026-03-20T00:11:09.0344966Z Working directory is '/home/runner/work/albertguedes.github.io/albertguedes.github.io'
2026-03-20T00:11:09.0345707Z [command]/usr/bin/git version
2026-03-20T00:11:09.0421924Z git version 2.53.0
2026-03-20T00:11:09.0451999Z ##[endgroup]
2026-03-20T00:11:09.0470237Z Temporarily overriding HOME='/home/runner/work/_temp/e9a0cb0f-6ee7-4832-8728-7ca976be5e54' before making global git config changes
2026-03-20T00:11:09.0471307Z Adding repository directory to the temporary git global config as a safe directory
2026-03-20T00:11:09.0485122Z [command]/usr/bin/git config --global --add safe.directory /home/runner/work/albertguedes.github.io/albertguedes.github.io
2026-03-20T00:11:09.0538710Z Deleting the contents of '/home/runner/work/albertguedes.github.io/albertguedes.github.io'
2026-03-20T00:11:09.0541570Z ##[group]Initializing the repository
2026-03-20T00:11:09.0546930Z [command]/usr/bin/git init /home/runner/work/albertguedes.github.io/albertguedes.github.io
2026-03-20T00:11:09.0714466Z hint: Using 'master' as the name for the initial branch. This default branch name
2026-03-20T00:11:09.0715979Z hint: will change to "main" in Git 3.0. To configure the initial branch name
2026-03-20T00:11:09.0717472Z hint: to use in all of your new repositories, which will suppress this warning,
2026-03-20T00:11:09.0718283Z hint: call:
2026-03-20T00:11:09.0718625Z hint:
2026-03-20T00:11:09.0719083Z hint: 	git config --global init.defaultBranch <name>
2026-03-20T00:11:09.0719536Z hint:
2026-03-20T00:11:09.0720003Z hint: Names commonly chosen instead of 'master' are 'main', 'trunk' and
2026-03-20T00:11:09.0720901Z hint: 'development'. The just-created branch can be renamed via this command:
2026-03-20T00:11:09.0721882Z hint:
2026-03-20T00:11:09.0722097Z hint: 	git branch -m <name>
2026-03-20T00:11:09.0722329Z hint:
2026-03-20T00:11:09.0722651Z hint: Disable this message with "git config set advice.defaultBranchName false"
2026-03-20T00:11:09.0723351Z Initialized empty Git repository in /home/runner/work/albertguedes.github.io/albertguedes.github.io/.git/
2026-03-20T00:11:09.0734211Z [command]/usr/bin/git remote add origin https://github.com/albertguedes/albertguedes.github.io
2026-03-20T00:11:09.0788668Z ##[endgroup]
2026-03-20T00:11:09.0789473Z ##[group]Disabling automatic garbage collection
2026-03-20T00:11:09.0796385Z [command]/usr/bin/git config --local gc.auto 0
2026-03-20T00:11:09.0834808Z ##[endgroup]
2026-03-20T00:11:09.0835278Z ##[group]Setting up auth
2026-03-20T00:11:09.0843865Z [command]/usr/bin/git config --local --name-only --get-regexp core\.sshCommand
2026-03-20T00:11:09.0885560Z [command]/usr/bin/git submodule foreach --recursive sh -c "git config --local --name-only --get-regexp 'core\.sshCommand' && git config --local --unset-all 'core.sshCommand' || :"
2026-03-20T00:11:09.1314649Z [command]/usr/bin/git config --local --name-only --get-regexp http\.https\:\/\/github\.com\/\.extraheader
2026-03-20T00:11:09.1360636Z [command]/usr/bin/git submodule foreach --recursive sh -c "git config --local --name-only --get-regexp 'http\.https\:\/\/github\.com\/\.extraheader' && git config --local --unset-all 'http.https://github.com/.extraheader' || :"
2026-03-20T00:11:09.1649552Z [command]/usr/bin/git config --local --name-only --get-regexp ^includeIf\.gitdir:
2026-03-20T00:11:09.1698098Z [command]/usr/bin/git submodule foreach --recursive git config --local --show-origin --name-only --get-regexp remote.origin.url
2026-03-20T00:11:09.1989375Z [command]/usr/bin/git config --local http.https://github.com/.extraheader AUTHORIZATION: basic ***
2026-03-20T00:11:09.2039285Z ##[endgroup]
2026-03-20T00:11:09.2039807Z ##[group]Fetching the repository
2026-03-20T00:11:09.2050153Z [command]/usr/bin/git -c protocol.version=2 fetch --no-tags --prune --no-recurse-submodules --depth=1 origin +refs/heads/master*:refs/remotes/origin/master* +refs/tags/master*:refs/tags/master*
2026-03-20T00:11:09.5987932Z From https://github.com/albertguedes/albertguedes.github.io
2026-03-20T00:11:09.5988657Z  * [new branch]      master     -> origin/master
2026-03-20T00:11:09.6037839Z ##[endgroup]
2026-03-20T00:11:09.6038494Z ##[group]Determining the checkout info
2026-03-20T00:11:09.6046090Z [command]/usr/bin/git branch --list --remote origin/master
2026-03-20T00:11:09.6079183Z   origin/master
2026-03-20T00:11:09.6085907Z ##[endgroup]
2026-03-20T00:11:09.6094289Z [command]/usr/bin/git sparse-checkout disable
2026-03-20T00:11:09.6155153Z [command]/usr/bin/git config --local --unset-all extensions.worktreeConfig
2026-03-20T00:11:09.6192428Z ##[group]Checking out the ref
2026-03-20T00:11:09.6197985Z [command]/usr/bin/git checkout --progress --force -B master refs/remotes/origin/master
2026-03-20T00:11:09.6378052Z Reset branch 'master'
2026-03-20T00:11:09.6381034Z branch 'master' set up to track 'origin/master'.
2026-03-20T00:11:09.6400985Z ##[endgroup]
2026-03-20T00:11:09.6401561Z ##[group]Setting up auth for fetching submodules
2026-03-20T00:11:09.6403575Z [command]/usr/bin/git config --global http.https://github.com/.extraheader AUTHORIZATION: basic ***
2026-03-20T00:11:09.6453945Z [command]/usr/bin/git config --global --unset-all url.https://github.com/.insteadOf
2026-03-20T00:11:09.6505597Z [command]/usr/bin/git config --global --add url.https://github.com/.insteadOf git@github.com:
2026-03-20T00:11:09.6552003Z [command]/usr/bin/git config --global --add url.https://github.com/.insteadOf org-2601836@github.com:
2026-03-20T00:11:09.6593928Z ##[endgroup]
2026-03-20T00:11:09.6594476Z ##[group]Fetching submodules
2026-03-20T00:11:09.6597663Z [command]/usr/bin/git submodule sync --recursive
2026-03-20T00:11:09.6893117Z [command]/usr/bin/git -c protocol.version=2 submodule update --init --force --depth=1 --recursive
2026-03-20T00:11:09.7244917Z [command]/usr/bin/git submodule foreach --recursive git config --local gc.auto 0
2026-03-20T00:11:09.7528838Z ##[endgroup]
2026-03-20T00:11:09.7529321Z ##[group]Persisting credentials for submodules
2026-03-20T00:11:09.7535857Z [command]/usr/bin/git submodule foreach --recursive sh -c "git config --local --name-only --get-regexp 'url\.https\:\/\/github\.com\/\.insteadOf' && git config --local --unset-all 'url.https://github.com/.insteadOf' || :"
2026-03-20T00:11:09.7819758Z [command]/usr/bin/git submodule foreach --recursive sh -c "git config --local 'http.https://github.com/.extraheader' 'AUTHORIZATION: basic ***' && git config --local --show-origin --name-only --get-regexp remote.origin.url"
2026-03-20T00:11:09.8120188Z [command]/usr/bin/git submodule foreach --recursive git config --local --add 'url.https://github.com/.insteadOf' 'git@github.com:'
2026-03-20T00:11:09.8435735Z [command]/usr/bin/git submodule foreach --recursive git config --local --add 'url.https://github.com/.insteadOf' 'org-2601836@github.com:'
2026-03-20T00:11:09.8765370Z ##[endgroup]
2026-03-20T00:11:09.8769473Z [command]/usr/bin/git log -1 --format=%H
2026-03-20T00:11:09.8799410Z b988d915b0b35cf9686d9d77b4125b1010d9f68c
2026-03-20T00:11:09.9082622Z ##[group]Run actions/jekyll-build-pages@v1
2026-03-20T00:11:09.9083169Z with:
2026-03-20T00:11:09.9083473Z   source: .
2026-03-20T00:11:09.9083758Z   destination: ./_site
2026-03-20T00:11:09.9084095Z   future: false
2026-03-20T00:11:09.9084517Z   build_revision: b988d915b0b35cf9686d9d77b4125b1010d9f68c
2026-03-20T00:11:09.9085035Z   verbose: true
2026-03-20T00:11:09.9085692Z   token: ***
2026-03-20T00:11:09.9086000Z ##[endgroup]
2026-03-20T00:11:09.9199568Z ##[command]/usr/bin/docker run --name ghcrioactionsjekyllbuildpagesv1013_50fdb1 --label ac9f29 --workdir /github/workspace --rm -e "INPUT_SOURCE" -e "INPUT_DESTINATION" -e "INPUT_FUTURE" -e "INPUT_BUILD_REVISION" -e "INPUT_VERBOSE" -e "INPUT_TOKEN" -e "HOME" -e "GITHUB_JOB" -e "GITHUB_REF" -e "GITHUB_SHA" -e "GITHUB_REPOSITORY" -e "GITHUB_REPOSITORY_OWNER" -e "GITHUB_REPOSITORY_OWNER_ID" -e "GITHUB_RUN_ID" -e "GITHUB_RUN_NUMBER" -e "GITHUB_RETENTION_DAYS" -e "GITHUB_RUN_ATTEMPT" -e "GITHUB_ACTOR_ID" -e "GITHUB_ACTOR" -e "GITHUB_WORKFLOW" -e "GITHUB_HEAD_REF" -e "GITHUB_BASE_REF" -e "GITHUB_EVENT_NAME" -e "GITHUB_SERVER_URL" -e "GITHUB_API_URL" -e "GITHUB_GRAPHQL_URL" -e "GITHUB_REF_NAME" -e "GITHUB_REF_PROTECTED" -e "GITHUB_REF_TYPE" -e "GITHUB_WORKFLOW_REF" -e "GITHUB_WORKFLOW_SHA" -e "GITHUB_REPOSITORY_ID" -e "GITHUB_TRIGGERING_ACTOR" -e "GITHUB_WORKSPACE" -e "GITHUB_ACTION" -e "GITHUB_EVENT_PATH" -e "GITHUB_ACTION_REPOSITORY" -e "GITHUB_ACTION_REF" -e "GITHUB_PATH" -e "GITHUB_ENV" -e "GITHUB_STEP_SUMMARY" -e "GITHUB_STATE" -e "GITHUB_OUTPUT" -e "RUNNER_OS" -e "RUNNER_ARCH" -e "RUNNER_NAME" -e "RUNNER_ENVIRONMENT" -e "RUNNER_TOOL_CACHE" -e "RUNNER_TEMP" -e "RUNNER_WORKSPACE" -e "ACTIONS_RUNTIME_URL" -e "ACTIONS_RUNTIME_TOKEN" -e "ACTIONS_CACHE_URL" -e "ACTIONS_ID_TOKEN_REQUEST_URL" -e "ACTIONS_ID_TOKEN_REQUEST_TOKEN" -e "ACTIONS_RESULTS_URL" -e "ACTIONS_ORCHESTRATION_ID" -e GITHUB_ACTIONS=true -e CI=true -v "/var/run/docker.sock":"/var/run/docker.sock" -v "/home/runner/work/_temp":"/github/runner_temp" -v "/home/runner/work/_temp/_github_home":"/github/home" -v "/home/runner/work/_temp/_github_workflow":"/github/workflow" -v "/home/runner/work/_temp/_runner_file_commands":"/github/file_commands" -v "/home/runner/work/albertguedes.github.io/albertguedes.github.io":"/github/workspace" ghcr.io/actions/jekyll-build-pages:v1.0.13
2026-03-20T00:11:10.8276194Z [33m       Deprecation: The 'gems' configuration option has been renamed to 'plugins'. Please update your config file accordingly.[0m
2026-03-20T00:11:10.9571741Z To use retry middleware with Faraday v2.0+, install `faraday-retry` gem
2026-03-20T00:11:13.4831147Z [31m  Liquid Exception: Liquid syntax error (line 66): Tag '{% %}' was not properly terminated with regexp: /\%\}/ in AGENTS.md[0m
2026-03-20T00:11:13.4840363Z /usr/local/bundle/gems/liquid-4.0.4/lib/liquid/block_body.rb:132:in `raise_missing_tag_terminator': Liquid syntax error (line 66): Tag '{% %}' was not properly terminated with regexp: /\%\}/ (Liquid::SyntaxError)
2026-03-20T00:11:13.4841567Z 	from /usr/local/bundle/gems/liquid-4.0.4/lib/liquid/block_body.rb:24:in `parse'
2026-03-20T00:11:13.4842193Z 	from /usr/local/bundle/gems/liquid-4.0.4/lib/liquid/document.rb:10:in `parse'
2026-03-20T00:11:13.4842797Z 	from /usr/local/bundle/gems/liquid-4.0.4/lib/liquid/document.rb:5:in `parse'
2026-03-20T00:11:13.4843404Z 	from /usr/local/bundle/gems/liquid-4.0.4/lib/liquid/template.rb:130:in `parse'
2026-03-20T00:11:13.4843999Z 	from /usr/local/bundle/gems/liquid-4.0.4/lib/liquid/template.rb:114:in `parse'
2026-03-20T00:11:13.4844673Z 	from /usr/local/bundle/gems/jekyll-3.10.0/lib/jekyll/liquid_renderer/file.rb:13:in `block in parse'
2026-03-20T00:11:13.4845438Z 	from /usr/local/bundle/gems/jekyll-3.10.0/lib/jekyll/liquid_renderer/file.rb:49:in `measure_time'
2026-03-20T00:11:13.4846165Z 	from /usr/local/bundle/gems/jekyll-3.10.0/lib/jekyll/liquid_renderer/file.rb:12:in `parse'
2026-03-20T00:11:13.4847143Z 	from /usr/local/bundle/gems/jekyll-3.10.0/lib/jekyll/renderer.rb:121:in `render_liquid'
2026-03-20T00:11:13.4848133Z 	from /usr/local/bundle/gems/jekyll-3.10.0/lib/jekyll/renderer.rb:79:in `render_document'
2026-03-20T00:11:13.4848777Z 	from /usr/local/bundle/gems/jekyll-3.10.0/lib/jekyll/renderer.rb:62:in `run'
2026-03-20T00:11:13.4849398Z 	from /usr/local/bundle/gems/jekyll-3.10.0/lib/jekyll/site.rb:479:in `render_regenerated'
2026-03-20T00:11:13.4850004Z 	from /usr/local/bundle/gems/jekyll-3.10.0/lib/jekyll/site.rb:472:in `block in render_pages'
2026-03-20T00:11:13.4850545Z 	from /usr/local/bundle/gems/jekyll-3.10.0/lib/jekyll/site.rb:471:in `each'
2026-03-20T00:11:13.4851041Z 	from /usr/local/bundle/gems/jekyll-3.10.0/lib/jekyll/site.rb:471:in `render_pages'
2026-03-20T00:11:13.4851533Z 	from /usr/local/bundle/gems/jekyll-3.10.0/lib/jekyll/site.rb:192:in `render'
2026-03-20T00:11:13.4852016Z 	from /usr/local/bundle/gems/jekyll-3.10.0/lib/jekyll/site.rb:71:in `process'
2026-03-20T00:11:13.4852523Z 	from /usr/local/bundle/gems/jekyll-3.10.0/lib/jekyll/command.rb:28:in `process_site'
2026-03-20T00:11:13.4853058Z 	from /usr/local/bundle/gems/jekyll-3.10.0/lib/jekyll/commands/build.rb:65:in `build'
2026-03-20T00:11:13.4853586Z 	from /usr/local/bundle/gems/jekyll-3.10.0/lib/jekyll/commands/build.rb:36:in `process'
2026-03-20T00:11:13.4854206Z 	from /usr/local/bundle/gems/github-pages-232/bin/github-pages:70:in `block (3 levels) in <top (required)>'
2026-03-20T00:11:13.4854867Z 	from /usr/local/bundle/gems/mercenary-0.3.6/lib/mercenary/command.rb:220:in `block in execute'
2026-03-20T00:11:13.4855428Z 	from /usr/local/bundle/gems/mercenary-0.3.6/lib/mercenary/command.rb:220:in `each'
2026-03-20T00:11:13.4855959Z 	from /usr/local/bundle/gems/mercenary-0.3.6/lib/mercenary/command.rb:220:in `execute'
2026-03-20T00:11:13.4856693Z 	from /usr/local/bundle/gems/mercenary-0.3.6/lib/mercenary/program.rb:42:in `go'
2026-03-20T00:11:13.4857251Z 	from /usr/local/bundle/gems/mercenary-0.3.6/lib/mercenary.rb:19:in `program'
2026-03-20T00:11:13.4857765Z 	from /usr/local/bundle/gems/github-pages-232/bin/github-pages:6:in `<top (required)>'
2026-03-20T00:11:13.4858217Z 	from /usr/local/bundle/bin/github-pages:25:in `load'
2026-03-20T00:11:13.4858556Z 	from /usr/local/bundle/bin/github-pages:25:in `<main>'
2026-03-20T00:11:13.5230472Z ##[error] Logging at level: debug Configuration file: /github/workspace/./_config.yml GitHub Pages: github-pages v232 GitHub Pages: jekyll v3.10.0 Theme: jekyll-theme-primer Theme source: /usr/local/bundle/gems/jekyll-theme-primer-0.6.0 Requiring: jekyll-github-metadata Requiring: jekyll-seo-tag Requiring: jekyll-paginate Requiring: jekyll-coffeescript Requiring: jekyll-commonmark-ghpages Requiring: jekyll-gist Requiring: jekyll-github-metadata Requiring: jekyll-relative-links Requiring: jekyll-optional-front-matter Requiring: jekyll-readme-index Requiring: jekyll-default-layout Requiring: jekyll-titles-from-headings GitHub Metadata: Initializing... Source: /github/workspace/. Destination: /github/workspace/./_site Incremental build: disabled. Enable with --incremental Generating... Reading: _posts/2012-06-12-o-que-e-um-algoritmo.md Reading: _posts/2012-06-25-logica-de-programacao-para-iniciantes.md Reading: _posts/2012-08-14-introducao-a-computacao-historia-e-evolucao.md Reading: _posts/2013-01-20-as-tres-leis-de-newton-explicadas.md Reading: _posts/2013-03-08-o-que-e-economia-conceitos-fundamentais.md Reading: _posts/2013-05-15-sistemas-binarios-e-representacao-de-dados.md Reading: _posts/2013-07-22-o-que-e-energia-tipos-e-conservacao.md Reading: _posts/2013-09-30-redes-de-computadores-uma-introducao.md Reading: _posts/2014-02-10-estruturas-de-dados-arrays-e-listas.md Reading: _posts/2014-04-05-algoritmos-de-busca-dfs-bfs-e-a.md Reading: _posts/2014-05-18-como-funciona-a-internet.md Reading: _posts/2014-07-22-raciocinio-baseado-em-regras.md Reading: _posts/2014-09-05-o-que-e-machine-learning.md Reading: _posts/2014-11-15-bancos-de-dados-conceitos-fundamentais.md Reading: _posts/2015-01-15-oferta-e-procura-como-funcionam.md Reading: _posts/2015-03-25-seguranca-da-informacao-principios-basicos.md Reading: _posts/2015-04-22-sistemas-operacionais-o-que-sao-e-como-funcionam.md Reading: _posts/2015-08-10-eletricidade-conceitos-fundamentais.md Reading: _posts/2015-11-20-estatistica-descritiva-o-basico.md Reading: _posts/2015-11-28-o-que-e-inteligencia-artificial.md Reading: _posts/2016-02-14-inflacao-o-que-e-e-como-afeta-a-vida.md Reading: _posts/2016-03-15-desenvolvimento-economico-conceitos.md Reading: _posts/2016-06-20-pib-medindo-a-atividade-economica.md Reading: _posts/2016-09-08-algebra-linear-vetores-e-matrizes.md Reading: _posts/2016-10-08-magnetismo-uma-introducao.md Reading: _posts/2017-02-25-redes-neurais-artificiais-conceitos.md Reading: _posts/2017-04-15-calculo-diferencial-uma-introducao.md Reading: _posts/2017-06-15-introducao-a-termodinamica.md Reading: _posts/2017-10-03-aprendizado-supervisionado-vs-nao-supervisionado.md Reading: _posts/2018-03-20-deep-learning-uma-introducao.md Reading: _posts/2018-07-12-etica-em-ia-vieses-e-responsabilidade.md Reading: _posts/2018-11-05-processamento-de-linguagem-natural.md Reading: _posts/2019-02-18-tipos-de-mercado-da-concorrencia-ao-monopolio.md Reading: _posts/2019-06-10-optica-a-natureza-da-luz.md Reading: _posts/2019-09-28-aprendizado-por-reforco-o-basico.md Reading: _posts/2020-01-15-visao-computacional-como-maquinas-veem.md Reading: _posts/2020-05-22-regressao-linear-uma-introducao.md Reading: _posts/2020-09-08-moeda-e-sistema-financeiro.md Reading: _posts/2021-01-20-ondas-e-oscilacoes-conceitos-basicos.md Reading: _posts/2021-05-15-classificacao-como-maquinas-categorizam.md Reading: _posts/2021-09-12-arvores-de-decisao-e-random-forests.md Reading: _posts/2022-04-10-engenharia-de-features-o-basico.md Reading: _posts/2022-08-25-historia-da-ia-dos-inicios-aos-dias-atuais.md Reading: _posts/2022-12-05-o-futuro-da-ia-tendencias-e-desafios.md Reading: _posts/2023-01-10-comercio-internacional-basico.md Reading: _posts/2023-04-18-fisica-moderna-relatividade-e-quantica.md Reading: _posts/2023-06-12-matematica-discreta-fundamentos.md Reading: _posts/2023-08-30-probabilidade-conceitos-basicos.md Reading: _posts/2024-03-20-agi-inteligencia-artificial-geral.md Reading: _posts/2024-08-10-ia-na-saude-e-educacao.md Generating: JekyllOptionalFrontMatter::Generator finished in 0.000227476 se
2026-03-20T00:11:13.6189541Z Post job cleanup.
2026-03-20T00:11:13.7278648Z [command]/usr/bin/git version
2026-03-20T00:11:13.7325081Z git version 2.53.0
2026-03-20T00:11:13.7380093Z Temporarily overriding HOME='/home/runner/work/_temp/80820907-85de-44eb-8770-5f244f0333b0' before making global git config changes
2026-03-20T00:11:13.7381695Z Adding repository directory to the temporary git global config as a safe directory
2026-03-20T00:11:13.7388683Z [command]/usr/bin/git config --global --add safe.directory /home/runner/work/albertguedes.github.io/albertguedes.github.io
2026-03-20T00:11:13.7452238Z [command]/usr/bin/git config --local --name-only --get-regexp core\.sshCommand
2026-03-20T00:11:13.7514843Z [command]/usr/bin/git submodule foreach --recursive sh -c "git config --local --name-only --get-regexp 'core\.sshCommand' && git config --local --unset-all 'core.sshCommand' || :"
2026-03-20T00:11:13.7869602Z [command]/usr/bin/git config --local --name-only --get-regexp http\.https\:\/\/github\.com\/\.extraheader
2026-03-20T00:11:13.7905052Z http.https://github.com/.extraheader
2026-03-20T00:11:13.7927053Z [command]/usr/bin/git config --local --unset-all http.https://github.com/.extraheader
2026-03-20T00:11:13.8003037Z [command]/usr/bin/git submodule foreach --recursive sh -c "git config --local --name-only --get-regexp 'http\.https\:\/\/github\.com\/\.extraheader' && git config --local --unset-all 'http.https://github.com/.extraheader' || :"
2026-03-20T00:11:13.8317278Z [command]/usr/bin/git config --local --name-only --get-regexp ^includeIf\.gitdir:
2026-03-20T00:11:13.8360853Z [command]/usr/bin/git submodule foreach --recursive git config --local --show-origin --name-only --get-regexp remote.origin.url
2026-03-20T00:11:13.8845247Z Cleaning up orphan processes
2026-03-20T00:11:13.9202536Z ##[warning]Node.js 20 actions are deprecated. The following actions are running on Node.js 20 and may not work as expected: actions/checkout@v4. Actions will be forced to run with Node.js 24 by default starting June 2nd, 2026. Please check if updated versions of these actions are available that support Node.js 24. To opt into Node.js 24 now, set the FORCE_JAVASCRIPT_ACTIONS_TO_NODE24=true environment variable on the runner or in your workflow file. Once Node.js 24 becomes the default, you can temporarily opt out by setting ACTIONS_ALLOW_USE_UNSECURE_NODE_VERSION=true. For more information see: https://github.blog/changelog/2025-09-19-deprecation-of-node-20-on-github-actions-runners/

